<beans xmlns:xsi="http://www.w3.org/2001/XMLSchema-instance" xmlns:context="http://www.springframework.org/schema/context"
       xmlns:aop="http://www.springframework.org/schema/aop"
       xmlns="http://www.springframework.org/schema/beans"
       xsi:schemaLocation="http://www.springframework.org/schema/beans
         http://www.springframework.org/schema/beans/spring-beans.xsd
         http://www.springframework.org/schema/context
         http://www.springframework.org/schema/context/spring-context.xsd

         http://www.springframework.org/schema/aop http://www.springframework.org/schema/aop/spring-aop.xsd">

    <context:annotation-config/>

    <context:component-scan base-package="com.facishare.open.crm.service"/>

    <!--Log Aop-->
    <bean id="logMornitorAspect" class="com.facishare.open.broker.common.aop.ServiceMornitorAspect">
        <constructor-arg name="monitorKeyPrefix" value="open.broker.address."/>
        <property name="reportEnabled" value="false"/>
    </bean>

    <aop:config>
        <aop:aspect id="logAspect" ref="logMornitorAspect">
            <aop:pointcut id="businessService" expression="execution(* com.facishare.open.broker.*.service.*.*(..))"/>
            <aop:pointcut id="oAuthBusinessService" expression="execution(* com.facishare.open.oauth.service.*.*(..))"/>
            <aop:pointcut id="addressBookBusinessService"
                          expression="execution(* com.facishare.open.addressbook.api.*.*(..))"/>

            <aop:around pointcut-ref="businessService" method="around"/>
            <aop:around pointcut-ref="oAuthBusinessService" method="around"/>
            <aop:around pointcut-ref="addressBookBusinessService" method="around"/>
        </aop:aspect>
    </aop:config>

</beans>
